<?xml version="1.0" encoding="UTF-8"?>
<!-- Generated by org.testng.reporters.JUnitReportReporter -->
<testsuite hostname="QA" failures="0" tests="2" name="testCases.Complete_Page_Test" time="19.590" errors="0" timestamp="2026-02-18T09:38:46 IST" skipped="0">
  <testcase classname="testCases.Complete_Page_Test" name="verifythankyouTextTest" time="11.557"/>
  <system-out>
    <![CDATA[Thank you Text = Thank you for your order!]]>
  </system-out>
  <testcase classname="testCases.Complete_Page_Test" name="clickHomebtnTest" time="8.033"/>
  <system-out>
    <![CDATA[current page URL  = https://www.saucedemo.com/inventory.html]]>
  </system-out>
</testsuite> <!-- testCases.Complete_Page_Test -->
